<?xml version="1.0" encoding="UTF-8"?>
<!-- Generated by org.testng.reporters.JUnitReportReporter -->
<testsuite hostname="shiva007" name="DriverFactory.TestScript" tests="1" failures="0" timestamp="1 Feb 2022 09:08:25 GMT" time="31.490" errors="0">
  <testcase name="employeecreation" time="31.490" classname="DriverFactory.TestScript"/>
</testsuite> <!-- DriverFactory.TestScript -->
