<?xml version="1.0" encoding="UTF-8"?>
<!-- Generated by org.testng.reporters.JUnitReportReporter -->
<testsuite skipped="1" hostname="shiva007" name="DriverFactory.DataDrivenDriverScript" tests="1" failures="0" timestamp="21 Jun 2023 05:10:38 GMT" time="0.000" errors="0">
  <testcase name="verifyLogin" time="0.000" classname="DriverFactory.DataDrivenDriverScript">
    <skipped/>
  </testcase> <!-- verifyLogin -->
</testsuite> <!-- DriverFactory.DataDrivenDriverScript -->
