<?xml version="1.0" encoding="UTF-8"?>
<!-- Generated by org.testng.reporters.JUnitReportReporter -->
<testsuite hostname="shiva007" name="jan31.UsingDataProvider" tests="4" failures="0" timestamp="1 Feb 2022 09:44:55 GMT" time="31.332" errors="0">
  <testcase name="verifyLogin" time="17.193" classname="jan31.UsingDataProvider"/>
  <testcase name="verifyLogin" time="2.829" classname="jan31.UsingDataProvider"/>
  <testcase name="verifyLogin" time="3.906" classname="jan31.UsingDataProvider"/>
  <testcase name="verifyLogin" time="7.404" classname="jan31.UsingDataProvider"/>
</testsuite> <!-- jan31.UsingDataProvider -->
